<?xml version="1.0" encoding="UTF-8"?>
<!-- Generated by org.testng.reporters.JUnitReportReporter -->
<testsuite hostname="DESKTOP-C6P7SV7" failures="0" tests="1" name="testcases_SignIn.TC_016" time="0.315" errors="0" timestamp="2024-06-17T10:01:39 MDT" skipped="0">
  <testcase classname="testcases_SignIn.TC_016" name="tc_016" time="0.315"/>
  <system-out/>
</testsuite> <!-- testcases_SignIn.TC_016 -->
