<?xml version="1.0" encoding="UTF-8"?>
<!-- Generated by org.testng.reporters.JUnitReportReporter -->
<testsuite hostname="DESKTOP-C6P7SV7" failures="0" tests="1" name="testcases_SignUp.TC_004" time="2.026" errors="0" timestamp="2024-08-07T15:25:54 MDT" skipped="0">
  <testcase classname="testcases_SignUp.TC_004" name="tc_004" time="2.026"/>
  <system-out/>
</testsuite> <!-- testcases_SignUp.TC_004 -->
