<?xml version="1.0" encoding="UTF-8"?>
<!-- Generated by org.testng.reporters.JUnitReportReporter -->
<testsuite hostname="DESKTOP-C6P7SV7" failures="0" tests="1" name="testcases_Courses.TC_060_Courses" time="15.404" errors="0" timestamp="2024-07-14T11:09:39 MDT" skipped="0">
  <testcase classname="testcases_Courses.TC_060_Courses" name="tc_060_Verify_Scrollbar" time="15.404"/>
  <system-out/>
</testsuite> <!-- testcases_Courses.TC_060_Courses -->
