<?xml version="1.0" encoding="UTF-8"?>
<!-- Generated by org.testng.reporters.JUnitReportReporter -->
<testsuite hostname="DESKTOP-C6P7SV7" failures="0" tests="1" name="testcases_KnowledgeSets.TC_013_KnowledgeSets" time="9.685" errors="0" timestamp="2024-07-15T11:43:05 MDT" skipped="0">
  <testcase classname="testcases_KnowledgeSets.TC_013_KnowledgeSets" name="tc_013_Verify_LearnerMode_button" time="9.685"/>
  <system-out/>
</testsuite> <!-- testcases_KnowledgeSets.TC_013_KnowledgeSets -->
