<?xml version="1.0" encoding="UTF-8"?>
<!-- Generated by org.testng.reporters.JUnitReportReporter -->
<testsuite hostname="DESKTOP-C6P7SV7" failures="0" tests="1" name="testcases_SignIn.TC_002_SignIn" time="1.076" errors="0" timestamp="2024-06-25T14:43:50 MDT" skipped="0">
  <testcase classname="testcases_SignIn.TC_002_SignIn" name="tc_002_Invalidomainname" time="1.076"/>
  <system-out/>
</testsuite> <!-- testcases_SignIn.TC_002_SignIn -->
