<?xml version="1.0" encoding="UTF-8"?>
<!-- Generated by org.testng.reporters.JUnitReportReporter -->
<testsuite hostname="DESKTOP-C6P7SV7" failures="0" tests="1" name="testcases_Dashboard.TC_030_Courses" time="10.905" errors="0" timestamp="2024-07-03T15:38:06 MDT" skipped="0">
  <testcase classname="testcases_Dashboard.TC_030_Courses" name="tc_030_Verify_AddFAQ" time="10.905"/>
  <system-out/>
</testsuite> <!-- testcases_Dashboard.TC_030_Courses -->
