<?xml version="1.0" encoding="UTF-8"?>
<!-- Generated by org.testng.reporters.JUnitReportReporter -->
<testsuite hostname="DESKTOP-C6P7SV7" failures="0" tests="1" name="testcases_KnowledgeSets.TC_010_KnowledgeSets" time="10.103" errors="0" timestamp="2024-07-15T11:43:05 MDT" skipped="0">
  <testcase classname="testcases_KnowledgeSets.TC_010_KnowledgeSets" name="tc_010_Verify_Addbutton" time="10.103"/>
  <system-out/>
</testsuite> <!-- testcases_KnowledgeSets.TC_010_KnowledgeSets -->
