<?xml version="1.0" encoding="UTF-8"?>
<!-- Generated by org.testng.reporters.JUnitReportReporter -->
<testsuite hostname="DESKTOP-C6P7SV7" failures="0" tests="1" name="testcases_SingUp.TC_001" time="0.098" errors="0" timestamp="2024-06-11T09:45:37 MDT" skipped="0">
  <testcase classname="testcases_SingUp.TC_001" name="tc_001" time="0.098"/>
  <system-out/>
</testsuite> <!-- testcases_SingUp.TC_001 -->
