<?xml version="1.0" encoding="UTF-8"?>
<!-- Generated by org.testng.reporters.JUnitReportReporter -->
<testsuite hostname="DESKTOP-C6P7SV7" failures="0" tests="1" name="testcases_Dashboard.TC_006" time="7.994" errors="0" timestamp="2024-06-28T15:51:18 MDT" skipped="0">
  <testcase classname="testcases_Dashboard.TC_006" name="tc_006" time="7.994"/>
  <system-out/>
</testsuite> <!-- testcases_Dashboard.TC_006 -->
