<?xml version="1.0" encoding="UTF-8"?>
<!-- Generated by org.testng.reporters.JUnitReportReporter -->
<testsuite hostname="DESKTOP-C6P7SV7" failures="0" tests="2" name="testcases_Dashboard1.TC_006" time="7.476" errors="0" timestamp="2024-06-24T10:59:00 MDT" skipped="0">
  <testcase classname="testcases_Dashboard1.TC_006" name="Login" time="2.142"/>
  <system-out/>
  <testcase classname="testcases_Dashboard1.TC_006" name="tc_006" time="5.334"/>
  <system-out/>
</testsuite> <!-- testcases_Dashboard1.TC_006 -->
