<?xml version="1.0" encoding="UTF-8"?>
<!-- Generated by org.testng.reporters.JUnitReportReporter -->
<testsuite hostname="DESKTOP-C6P7SV7" failures="0" tests="1" name="testcases_SignIn.TC_002" time="0.002" errors="0" timestamp="2024-06-16T16:16:20 MDT" skipped="0">
  <testcase classname="testcases_SignIn.TC_002" name="f" time="0.002"/>
  <system-out/>
</testsuite> <!-- testcases_SignIn.TC_002 -->
