<?xml version="1.0" encoding="UTF-8"?>
<!-- Generated by org.testng.reporters.JUnitReportReporter -->
<testsuite hostname="DESKTOP-C6P7SV7" failures="0" tests="1" name="testcases_SignUp.TC_020" time="3.529" errors="0" timestamp="2024-08-07T15:25:54 MDT" skipped="0">
  <testcase classname="testcases_SignUp.TC_020" name="tc_020" time="3.529"/>
  <system-out/>
</testsuite> <!-- testcases_SignUp.TC_020 -->
