<?xml version="1.0" encoding="UTF-8"?>
<!-- Generated by org.testng.reporters.JUnitReportReporter -->
<testsuite hostname="DESKTOP-C6P7SV7" failures="0" tests="1" name="testcases_KnowledgeSets.TC_012_KnowledgeSets" time="9.198" errors="0" timestamp="2024-07-15T11:43:05 MDT" skipped="0">
  <testcase classname="testcases_KnowledgeSets.TC_012_KnowledgeSets" name="tc_012_Verify_Settings_Symbol" time="9.198"/>
  <system-out/>
</testsuite> <!-- testcases_KnowledgeSets.TC_012_KnowledgeSets -->
