<?xml version="1.0" encoding="UTF-8"?>
<!-- Generated by org.testng.reporters.JUnitReportReporter -->
<testsuite hostname="DESKTOP-C6P7SV7" failures="0" tests="1" name="testcases_Courses.TC_014_Courses" time="8.668" errors="0" timestamp="2024-06-29T11:59:45 MDT" skipped="0">
  <testcase classname="testcases_Courses.TC_014_Courses" name="tc_014_Verify_ADD_Button" time="8.668"/>
  <system-out/>
</testsuite> <!-- testcases_Courses.TC_014_Courses -->
