<?xml version="1.0" encoding="UTF-8"?>
<!-- Generated by org.testng.reporters.JUnitReportReporter -->
<testsuite hostname="DESKTOP-C6P7SV7" failures="0" tests="1" name="testcases_SignIn.TC_009" time="2.253" errors="0" timestamp="2024-06-17T09:40:31 MDT" skipped="0">
  <testcase classname="testcases_SignIn.TC_009" name="tc_009" time="2.253"/>
  <system-out/>
</testsuite> <!-- testcases_SignIn.TC_009 -->
