<?xml version="1.0" encoding="UTF-8"?>
<!-- Generated by org.testng.reporters.JUnitReportReporter -->
<testsuite hostname="DESKTOP-C6P7SV7" failures="0" tests="1" name="testcases_Dashboard.TC_009" time="10.233" errors="0" timestamp="2024-06-30T15:07:54 MDT" skipped="0">
  <testcase classname="testcases_Dashboard.TC_009" name="TC_009" time="10.233"/>
  <system-out/>
</testsuite> <!-- testcases_Dashboard.TC_009 -->
