<?xml version="1.0" encoding="UTF-8"?>
<!-- Generated by org.testng.reporters.JUnitReportReporter -->
<testsuite hostname="DESKTOP-C6P7SV7" failures="0" tests="1" name="testcases_Courses.TC_004_Courses" time="8.743" errors="0" timestamp="2024-06-27T09:49:25 MDT" skipped="0">
  <testcase classname="testcases_Courses.TC_004_Courses" name="TC_004" time="8.743"/>
  <system-out/>
</testsuite> <!-- testcases_Courses.TC_004_Courses -->
