<?xml version="1.0" encoding="UTF-8"?>
<!-- Generated by org.testng.reporters.JUnitReportReporter -->
<testsuite hostname="DESKTOP-C6P7SV7" failures="0" tests="2" name="testcases_Dashboard1.TC_002" time="9.768" errors="0" timestamp="2024-06-19T20:15:52 MDT" skipped="0">
  <testcase classname="testcases_Dashboard1.TC_002" name="tc_002" time="7.223"/>
  <system-out/>
  <testcase classname="testcases_Dashboard1.TC_002" name="Login" time="2.545"/>
  <system-out/>
</testsuite> <!-- testcases_Dashboard1.TC_002 -->
