<?xml version="1.0" encoding="UTF-8"?>
<!-- Generated by org.testng.reporters.JUnitReportReporter -->
<testsuite hostname="DESKTOP-C6P7SV7" failures="0" tests="1" name="Stbatch1.Sincxadmin.Testcases_Signup" time="0.105" errors="0" timestamp="2024-12-13T17:32:16 MST" skipped="0">
  <testcase classname="Stbatch1.Sincxadmin.Testcases_Signup" name="TC_001" time="0.105"/>
</testsuite> <!-- Stbatch1.Sincxadmin.Testcases_Signup -->
