<?xml version="1.0" encoding="UTF-8"?>
<!-- Generated by org.testng.reporters.JUnitReportReporter -->
<testsuite hostname="DESKTOP-C6P7SV7" failures="0" tests="1" name="testcases_Dashboard.TC_007" time="10.058" errors="0" timestamp="2024-06-30T15:00:44 MDT" skipped="0">
  <testcase classname="testcases_Dashboard.TC_007" name="TC_007" time="10.058"/>
  <system-out/>
</testsuite> <!-- testcases_Dashboard.TC_007 -->
