<?xml version="1.0" encoding="UTF-8"?>
<!-- Generated by org.testng.reporters.JUnitReportReporter -->
<testsuite hostname="DESKTOP-C6P7SV7" failures="0" tests="1" name="testcases_Courses.TC_005" time="10.218" errors="0" timestamp="2024-06-27T10:03:27 MDT" skipped="0">
  <testcase classname="testcases_Courses.TC_005" name="tc_005_librarybutton" time="10.218"/>
  <system-out/>
</testsuite> <!-- testcases_Courses.TC_005 -->
