<?xml version="1.0" encoding="UTF-8"?>
<!-- Generated by org.testng.reporters.JUnitReportReporter -->
<testsuite hostname="DESKTOP-C6P7SV7" failures="0" tests="1" name="testcases_Dashboard.TC_015" time="8.876" errors="0" timestamp="2024-06-26T21:08:28 MDT" skipped="0">
  <testcase classname="testcases_Dashboard.TC_015" name="tc_015_ReccurrenceQUARTER0" time="8.876"/>
  <system-out/>
</testsuite> <!-- testcases_Dashboard.TC_015 -->
