<?xml version="1.0" encoding="UTF-8"?>
<!-- Generated by org.testng.reporters.JUnitReportReporter -->
<testsuite hostname="DESKTOP-C6P7SV7" failures="0" tests="1" name="testcases_Courses.TC_006_Courses" time="8.957" errors="0" timestamp="2024-07-14T11:09:39 MDT" skipped="0">
  <testcase classname="testcases_Courses.TC_006_Courses" name="tc_006_Library_3dots" time="8.957"/>
  <system-out/>
</testsuite> <!-- testcases_Courses.TC_006_Courses -->
