<?xml version="1.0" encoding="UTF-8"?>
<!-- Generated by org.testng.reporters.JUnitReportReporter -->
<testsuite hostname="DESKTOP-C6P7SV7" failures="0" tests="1" name="testcases_Courses.TC_039_Courses" time="8.460" errors="0" timestamp="2024-07-14T11:09:39 MDT" skipped="0">
  <testcase classname="testcases_Courses.TC_039_Courses" name="tc_039_Verify_Delete_button" time="8.460"/>
  <system-out/>
</testsuite> <!-- testcases_Courses.TC_039_Courses -->
