<?xml version="1.0" encoding="UTF-8"?>
<!-- Generated by org.testng.reporters.JUnitReportReporter -->
<testsuite hostname="DESKTOP-C6P7SV7" failures="0" tests="1" name="testcases_SignIn.TC_003_SignIn" time="1.591" errors="0" timestamp="2024-06-25T14:43:50 MDT" skipped="0">
  <testcase classname="testcases_SignIn.TC_003_SignIn" name="tc_003" time="1.591"/>
  <system-out/>
</testsuite> <!-- testcases_SignIn.TC_003_SignIn -->
