<?xml version="1.0" encoding="UTF-8"?>
<!-- Generated by org.testng.reporters.JUnitReportReporter -->
<testsuite hostname="DESKTOP-C6P7SV7" failures="0" tests="1" name="testcases_Dashboard.TC_011" time="9.293" errors="0" timestamp="2024-06-30T15:33:07 MDT" skipped="0">
  <testcase classname="testcases_Dashboard.TC_011" name="tc_011_Library_filter" time="9.293"/>
  <system-out/>
</testsuite> <!-- testcases_Dashboard.TC_011 -->
