<?xml version="1.0" encoding="UTF-8"?>
<!-- Generated by org.testng.reporters.JUnitReportReporter -->
<testsuite hostname="DESKTOP-C6P7SV7" failures="0" tests="1" name="testcases_Courses.TC_013_Courses" time="11.986" errors="0" timestamp="2024-07-11T11:42:37 MDT" skipped="0">
  <testcase classname="testcases_Courses.TC_013_Courses" name="tc_013_Verify_Previous_button" time="11.986"/>
  <system-out/>
</testsuite> <!-- testcases_Courses.TC_013_Courses -->
