<?xml version="1.0" encoding="UTF-8"?>
<!-- Generated by org.testng.reporters.JUnitReportReporter -->
<testsuite hostname="DESKTOP-C6P7SV7" failures="0" tests="1" name="testcases_Courses.TC_001_Courses" time="8.590" errors="0" timestamp="2024-07-20T19:01:05 MDT" skipped="0">
  <testcase classname="testcases_Courses.TC_001_Courses" name="tc_001_CoursesTitle" time="8.590"/>
  <system-out/>
</testsuite> <!-- testcases_Courses.TC_001_Courses -->
