<?xml version="1.0" encoding="UTF-8"?>
<!-- Generated by org.testng.reporters.JUnitReportReporter -->
<testsuite hostname="DESKTOP-C6P7SV7" failures="0" tests="1" name="testcases_Dashboard.TC_002" time="7.504" errors="0" timestamp="2024-07-03T10:16:59 MDT" skipped="0">
  <testcase classname="testcases_Dashboard.TC_002" name="tc_002_downloadbutton" time="7.504"/>
  <system-out/>
</testsuite> <!-- testcases_Dashboard.TC_002 -->
