<?xml version="1.0" encoding="UTF-8"?>
<!-- Generated by org.testng.reporters.JUnitReportReporter -->
<testsuite hostname="DESKTOP-C6P7SV7" failures="0" tests="1" name="testcases_SignIn.TC_008_SignIn" time="4.225" errors="0" timestamp="2024-06-25T14:52:05 MDT" skipped="0">
  <testcase classname="testcases_SignIn.TC_008_SignIn" name="TC_008" time="4.225"/>
  <system-out/>
</testsuite> <!-- testcases_SignIn.TC_008_SignIn -->
