<?xml version="1.0" encoding="UTF-8"?>
<!-- Generated by org.testng.reporters.JUnitReportReporter -->
<testsuite hostname="DESKTOP-C6P7SV7" failures="0" tests="1" name="testcases_SignUp.TC_010" time="0.453" errors="0" timestamp="2024-08-07T15:25:54 MDT" skipped="0">
  <testcase classname="testcases_SignUp.TC_010" name="tc_010" time="0.453"/>
  <system-out/>
</testsuite> <!-- testcases_SignUp.TC_010 -->
