<?xml version="1.0" encoding="UTF-8"?>
<!-- Generated by org.testng.reporters.JUnitReportReporter -->
<testsuite hostname="DESKTOP-C6P7SV7" failures="0" tests="2" name="testcases_SignUp.TC_003_SignUp" time="2.363" errors="0" timestamp="2024-06-23T20:00:26 MDT" skipped="0">
  <testcase classname="testcases_SignUp.TC_003_SignUp" name="Login" time="1.994"/>
  <system-out/>
  <testcase classname="testcases_SignUp.TC_003_SignUp" name="tc_003" time="0.369"/>
  <system-out/>
</testsuite> <!-- testcases_SignUp.TC_003_SignUp -->
