<?xml version="1.0" encoding="UTF-8"?>
<!-- Generated by org.testng.reporters.JUnitReportReporter -->
<testsuite hostname="DESKTOP-C6P7SV7" failures="0" tests="1" name="testcases_Courses.TC_023_Courses" time="69.023" errors="0" timestamp="2024-07-15T11:26:54 MDT" skipped="0">
  <testcase classname="testcases_Courses.TC_023_Courses" name="tc_023_Verify_Certification_Mode" time="69.023"/>
  <system-out/>
</testsuite> <!-- testcases_Courses.TC_023_Courses -->
