<?xml version="1.0" encoding="UTF-8"?>
<!-- Generated by org.testng.reporters.JUnitReportReporter -->
<testsuite hostname="DESKTOP-C6P7SV7" failures="0" tests="1" name="testcases_Dashboard.TC_016" time="7.740" errors="0" timestamp="2024-06-26T20:37:29 MDT" skipped="0">
  <testcase classname="testcases_Dashboard.TC_016" name="TC_016" time="7.740"/>
  <system-out/>
</testsuite> <!-- testcases_Dashboard.TC_016 -->
