<?xml version="1.0" encoding="UTF-8"?>
<!-- Generated by org.testng.reporters.JUnitReportReporter -->
<testsuite hostname="DESKTOP-C6P7SV7" failures="0" tests="2" name="testcases_SignUp.TC_001_SignUP" time="2.367" errors="0" timestamp="2024-06-23T19:49:31 MDT" skipped="0">
  <testcase classname="testcases_SignUp.TC_001_SignUP" name="tc_001" time="0.117"/>
  <system-out/>
  <testcase classname="testcases_SignUp.TC_001_SignUP" name="Login" time="2.250"/>
  <system-out/>
</testsuite> <!-- testcases_SignUp.TC_001_SignUP -->
