<?xml version="1.0" encoding="UTF-8"?>
<!-- Generated by org.testng.reporters.JUnitReportReporter -->
<testsuite hostname="DESKTOP-C6P7SV7" failures="0" tests="1" name="testcases_SignUp.TC_001" time="0.115" errors="0" timestamp="2024-08-28T17:14:54 MDT" skipped="0">
  <testcase classname="testcases_SignUp.TC_001" name="tc_001" time="0.115"/>
  <system-out/>
</testsuite> <!-- testcases_SignUp.TC_001 -->
